<?xml version="1.0" encoding="UTF-8"?>
<testsuite xmlns:xsi="http://www.w3.org/2001/XMLSchema-instance" xsi:noNamespaceSchemaLocation="https://maven.apache.org/surefire/maven-surefire-plugin/xsd/surefire-test-report.xsd" version="3.0.2" name="DeliveryCalculationTest" time="0.554" tests="19" errors="0" skipped="0" failures="0">
  <properties>
    <property name="java.specification.version" value="22"/>
    <property name="sun.cpu.isalist" value="amd64"/>
    <property name="sun.jnu.encoding" value="Cp1251"/>
    <property name="java.class.path" value="H:\JAVA_couse\HW_060\JUnitTestNG\target\test-classes;H:\JAVA_couse\HW_060\JUnitTestNG\target\classes;C:\Users\NAM\.m2\repository\org\junit\jupiter\junit-jupiter-api\5.11.2\junit-jupiter-api-5.11.2.jar;C:\Users\NAM\.m2\repository\org\opentest4j\opentest4j\1.3.0\opentest4j-1.3.0.jar;C:\Users\NAM\.m2\repository\org\junit\platform\junit-platform-commons\1.11.2\junit-platform-commons-1.11.2.jar;C:\Users\NAM\.m2\repository\org\apiguardian\apiguardian-api\1.1.2\apiguardian-api-1.1.2.jar;C:\Users\NAM\.m2\repository\org\junit\jupiter\junit-jupiter-params\5.11.2\junit-jupiter-params-5.11.2.jar;C:\Users\NAM\.m2\repository\org\junit\jupiter\junit-jupiter\5.11.2\junit-jupiter-5.11.2.jar;C:\Users\NAM\.m2\repository\org\junit\jupiter\junit-jupiter-engine\5.11.2\junit-jupiter-engine-5.11.2.jar;C:\Users\NAM\.m2\repository\org\junit\platform\junit-platform-launcher\1.11.2\junit-platform-launcher-1.11.2.jar;C:\Users\NAM\.m2\repository\org\junit\platform\junit-platform-engine\1.11.2\junit-platform-engine-1.11.2.jar;C:\Users\NAM\.m2\repository\org\mockito\mockito-junit-jupiter\5.6.0\mockito-junit-jupiter-5.6.0.jar;C:\Users\NAM\.m2\repository\org\mockito\mockito-core\5.6.0\mockito-core-5.6.0.jar;C:\Users\NAM\.m2\repository\net\bytebuddy\byte-buddy\1.14.8\byte-buddy-1.14.8.jar;C:\Users\NAM\.m2\repository\net\bytebuddy\byte-buddy-agent\1.14.8\byte-buddy-agent-1.14.8.jar;C:\Users\NAM\.m2\repository\org\objenesis\objenesis\3.3\objenesis-3.3.jar;C:\Users\NAM\.m2\repository\io\qameta\allure\allure-junit5\2.29.0\allure-junit5-2.29.0.jar;C:\Users\NAM\.m2\repository\io\qameta\allure\allure-junit-platform\2.29.0\allure-junit-platform-2.29.0.jar;C:\Users\NAM\.m2\repository\io\qameta\allure\allure-java-commons\2.29.0\allure-java-commons-2.29.0.jar;C:\Users\NAM\.m2\repository\org\slf4j\slf4j-api\2.0.13\slf4j-api-2.0.13.jar;C:\Users\NAM\.m2\repository\io\qameta\allure\allure-model\2.29.0\allure-model-2.29.0.jar;C:\Users\NAM\.m2\repository\io\qameta\allure\allure-test-filter\2.29.0\allure-test-filter-2.29.0.jar;"/>
    <property name="java.vm.vendor" value="Oracle Corporation"/>
    <property name="sun.arch.data.model" value="64"/>
    <property name="user.variant" value=""/>
    <property name="java.vendor.url" value="https://java.oracle.com/"/>
    <property name="user.timezone" value="Europe/Moscow"/>
    <property name="os.name" value="Windows 10"/>
    <property name="java.vm.specification.version" value="22"/>
    <property name="sun.java.launcher" value="SUN_STANDARD"/>
    <property name="user.country" value="RU"/>
    <property name="sun.boot.library.path" value="H:\Program Files\Java\jdk-22\bin"/>
    <property name="sun.java.command" value="C:\Users\NAM\AppData\Local\Temp\surefire11998487697355433676\surefirebooter-20241012190001732_3.jar C:\Users\NAM\AppData\Local\Temp\surefire11998487697355433676 2024-10-12T19-00-01_572-jvmRun1 surefire-20241012190001732_1tmp surefire_0-20241012190001732_2tmp"/>
    <property name="jdk.debug" value="release"/>
    <property name="surefire.test.class.path" value="H:\JAVA_couse\HW_060\JUnitTestNG\target\test-classes;H:\JAVA_couse\HW_060\JUnitTestNG\target\classes;C:\Users\NAM\.m2\repository\org\junit\jupiter\junit-jupiter-api\5.11.2\junit-jupiter-api-5.11.2.jar;C:\Users\NAM\.m2\repository\org\opentest4j\opentest4j\1.3.0\opentest4j-1.3.0.jar;C:\Users\NAM\.m2\repository\org\junit\platform\junit-platform-commons\1.11.2\junit-platform-commons-1.11.2.jar;C:\Users\NAM\.m2\repository\org\apiguardian\apiguardian-api\1.1.2\apiguardian-api-1.1.2.jar;C:\Users\NAM\.m2\repository\org\junit\jupiter\junit-jupiter-params\5.11.2\junit-jupiter-params-5.11.2.jar;C:\Users\NAM\.m2\repository\org\junit\jupiter\junit-jupiter\5.11.2\junit-jupiter-5.11.2.jar;C:\Users\NAM\.m2\repository\org\junit\jupiter\junit-jupiter-engine\5.11.2\junit-jupiter-engine-5.11.2.jar;C:\Users\NAM\.m2\repository\org\junit\platform\junit-platform-launcher\1.11.2\junit-platform-launcher-1.11.2.jar;C:\Users\NAM\.m2\repository\org\junit\platform\junit-platform-engine\1.11.2\junit-platform-engine-1.11.2.jar;C:\Users\NAM\.m2\repository\org\mockito\mockito-junit-jupiter\5.6.0\mockito-junit-jupiter-5.6.0.jar;C:\Users\NAM\.m2\repository\org\mockito\mockito-core\5.6.0\mockito-core-5.6.0.jar;C:\Users\NAM\.m2\repository\net\bytebuddy\byte-buddy\1.14.8\byte-buddy-1.14.8.jar;C:\Users\NAM\.m2\repository\net\bytebuddy\byte-buddy-agent\1.14.8\byte-buddy-agent-1.14.8.jar;C:\Users\NAM\.m2\repository\org\objenesis\objenesis\3.3\objenesis-3.3.jar;C:\Users\NAM\.m2\repository\io\qameta\allure\allure-junit5\2.29.0\allure-junit5-2.29.0.jar;C:\Users\NAM\.m2\repository\io\qameta\allure\allure-junit-platform\2.29.0\allure-junit-platform-2.29.0.jar;C:\Users\NAM\.m2\repository\io\qameta\allure\allure-java-commons\2.29.0\allure-java-commons-2.29.0.jar;C:\Users\NAM\.m2\repository\org\slf4j\slf4j-api\2.0.13\slf4j-api-2.0.13.jar;C:\Users\NAM\.m2\repository\io\qameta\allure\allure-model\2.29.0\allure-model-2.29.0.jar;C:\Users\NAM\.m2\repository\io\qameta\allure\allure-test-filter\2.29.0\allure-test-filter-2.29.0.jar;"/>
    <property name="sun.cpu.endian" value="little"/>
    <property name="user.home" value="C:\Users\NAM"/>
    <property name="user.language" value="ru"/>
    <property name="java.specification.vendor" value="Oracle Corporation"/>
    <property name="java.version.date" value="2024-07-16"/>
    <property name="java.home" value="H:\Program Files\Java\jdk-22"/>
    <property name="file.separator" value="\"/>
    <property name="basedir" value="H:\JAVA_couse\HW_060\JUnitTestNG"/>
    <property name="java.vm.compressedOopsMode" value="Zero based"/>
    <property name="line.separator" value="&#10;"/>
    <property name="java.vm.specification.vendor" value="Oracle Corporation"/>
    <property name="java.specification.name" value="Java Platform API Specification"/>
    <property name="surefire.real.class.path" value="C:\Users\NAM\AppData\Local\Temp\surefire11998487697355433676\surefirebooter-20241012190001732_3.jar"/>
    <property name="user.script" value=""/>
    <property name="sun.management.compiler" value="HotSpot 64-Bit Tiered Compilers"/>
    <property name="java.runtime.version" value="22.0.2+9-70"/>
    <property name="user.name" value="NAM"/>
    <property name="stdout.encoding" value="Cp1251"/>
    <property name="path.separator" value=";"/>
    <property name="os.version" value="10.0"/>
    <property name="java.runtime.name" value="Java(TM) SE Runtime Environment"/>
    <property name="file.encoding" value="UTF-8"/>
    <property name="java.vm.name" value="Java HotSpot(TM) 64-Bit Server VM"/>
    <property name="localRepository" value="C:\Users\NAM\.m2\repository"/>
    <property name="java.vendor.url.bug" value="https://bugreport.java.com/bugreport/"/>
    <property name="java.io.tmpdir" value="C:\Users\NAM\AppData\Local\Temp\"/>
    <property name="idea.version" value="2024.2.3"/>
    <property name="java.version" value="22.0.2"/>
    <property name="user.dir" value="H:\JAVA_couse\HW_060\JUnitTestNG"/>
    <property name="os.arch" value="amd64"/>
    <property name="java.vm.specification.name" value="Java Virtual Machine Specification"/>
    <property name="sun.os.patch.level" value=""/>
    <property name="native.encoding" value="Cp1251"/>
    <property name="java.library.path" value="H:\Program Files\Java\jdk-22\bin;C:\Windows\Sun\Java\bin;C:\Windows\system32;C:\Windows;H:\Program Files\Java\jdk-22\bin;C:\Program Files\NVIDIA Corporation\NVIDIA NvDLISR;C:\Program Files (x86)\Windows Kits\10\Windows Performance Toolkit\;C:\Program Files\Git\cmd;E:\apache-maven-3.9.9\bin;E:\gradle-8.10\bin;E:\Bazel;C:\Program Files\Microsoft VS Code\bin;E:\curl-8.9.1_3-win64-mingw\bin;E:\groovy-4.0.12\bin;C:\Program Files\Docker\Docker\resources\bin;H:\Program Files\PostgreSQL\16\bin;C:\Users\NAM\AppData\Local\Microsoft\WindowsApps;C:\Program Files\JetBrains\IntelliJ IDEA Community Edition 2024.2.0.1\bin;;."/>
    <property name="java.vm.info" value="mixed mode, sharing"/>
    <property name="stderr.encoding" value="Cp1251"/>
    <property name="java.vendor" value="Oracle Corporation"/>
    <property name="java.vm.version" value="22.0.2+9-70"/>
    <property name="sun.io.unicode.encoding" value="UnicodeLittle"/>
    <property name="java.class.version" value="66.0"/>
  </properties>
  <testcase name="deliveryLoadFactorSelectorTest(String, double)[1]" classname="DeliveryCalculationTest" time="0.065">
    <system-err><![CDATA[SLF4J(W): No SLF4J providers were found.
SLF4J(W): Defaulting to no-operation (NOP) logger implementation
SLF4J(W): See https://www.slf4j.org/codes.html#noProviders for further details.
]]></system-err>
  </testcase>
  <testcase name="deliveryLoadFactorSelectorTest(String, double)[2]" classname="DeliveryCalculationTest" time="0.002"/>
  <testcase name="deliveryLoadFactorSelectorTest(String, double)[3]" classname="DeliveryCalculationTest" time="0.002"/>
  <testcase name="deliveryLoadFactorSelectorTest(String, double)[4]" classname="DeliveryCalculationTest" time="0.001"/>
  <testcase name="costCalculatorThrowsExceptionFragileCargoDistanceMoreover30Test" classname="DeliveryCalculationTest" time="0.006"/>
  <testcase name="cargoFragileCostSelectorTest(String, int)[1]" classname="DeliveryCalculationTest" time="0.005"/>
  <testcase name="cargoFragileCostSelectorTest(String, int)[2]" classname="DeliveryCalculationTest" time="0.001"/>
  <testcase name="costCalculatorTest(double, String, String, String, int)[1]" classname="DeliveryCalculationTest" time="0.009"/>
  <testcase name="costCalculatorTest(double, String, String, String, int)[2]" classname="DeliveryCalculationTest" time="0.002"/>
  <testcase name="costCalculatorTest(double, String, String, String, int)[3]" classname="DeliveryCalculationTest" time="0.001"/>
  <testcase name="costCalculatorTest(double, String, String, String, int)[4]" classname="DeliveryCalculationTest" time="0.002"/>
  <testcase name="costCalculatorTest(double, String, String, String, int)[5]" classname="DeliveryCalculationTest" time="0.001"/>
  <testcase name="costCalculatorThrowsExceptionWrongDistanceTest" classname="DeliveryCalculationTest" time="0.002"/>
  <testcase name="distanceCostSelectorTest(double, int)[1]" classname="DeliveryCalculationTest" time="0.004"/>
  <testcase name="distanceCostSelectorTest(double, int)[2]" classname="DeliveryCalculationTest" time="0.001"/>
  <testcase name="distanceCostSelectorTest(double, int)[3]" classname="DeliveryCalculationTest" time="0.001"/>
  <testcase name="distanceCostSelectorTest(double, int)[4]" classname="DeliveryCalculationTest" time="0.001"/>
  <testcase name="cargoSizeCostSelectorTest(String, int)[1]" classname="DeliveryCalculationTest" time="0.001"/>
  <testcase name="cargoSizeCostSelectorTest(String, int)[2]" classname="DeliveryCalculationTest" time="0.001"/>
</testsuite>