<?xml version="1.0" encoding="UTF-8"?>
<testsuite name="org.mycompany.MyTranslationServiceTest_TODO" tests="3" skipped="0" failures="0" errors="0" timestamp="2024-10-13T13:21:12" hostname="NAM-WINX" time="1.376">
  <properties/>
  <testcase name="translateWithGoogle_googleTranslateThrowsException_failure()" classname="org.mycompany.MyTranslationServiceTest_TODO" time="1.334"/>
  <testcase name="translateWithGoogle_anySentenceAndTargetLanguageIsRu_success()" classname="org.mycompany.MyTranslationServiceTest_TODO" time="0.028"/>
  <testcase name="translateWithGoogle_anySentenceAndTargetLanguageIsNotRu_failure()" classname="org.mycompany.MyTranslationServiceTest_TODO" time="0.004"/>
  <system-out><![CDATA[]]></system-out>
  <system-err><![CDATA[]]></system-err>
</testsuite>
